2015-04-04 13:04:03,327 [myid:] - INFO  [main:QuorumPeerConfig@103] - Reading configuration from: /opt/zookeeper/zookeeper-3.4.6/bin/../conf/zoo.cfg
2015-04-04 13:04:03,331 [myid:] - INFO  [main:DatadirCleanupManager@78] - autopurge.snapRetainCount set to 3
2015-04-04 13:04:03,331 [myid:] - INFO  [main:DatadirCleanupManager@79] - autopurge.purgeInterval set to 0
2015-04-04 13:04:03,331 [myid:] - INFO  [main:DatadirCleanupManager@101] - Purge task is not scheduled.
2015-04-04 13:04:03,332 [myid:] - WARN  [main:QuorumPeerMain@113] - Either no config or no quorum defined in config, running  in standalone mode
2015-04-04 13:04:03,345 [myid:] - INFO  [main:QuorumPeerConfig@103] - Reading configuration from: /opt/zookeeper/zookeeper-3.4.6/bin/../conf/zoo.cfg
2015-04-04 13:04:03,345 [myid:] - INFO  [main:ZooKeeperServerMain@95] - Starting server
2015-04-04 13:04:03,355 [myid:] - INFO  [main:Environment@100] - Server environment:zookeeper.version=3.4.6-1569965, built on 02/20/2014 09:09 GMT
2015-04-04 13:04:03,355 [myid:] - INFO  [main:Environment@100] - Server environment:host.name=ip-172-31-11-133.us-west-2.compute.internal
2015-04-04 13:04:03,355 [myid:] - INFO  [main:Environment@100] - Server environment:java.version=1.7.0_71
2015-04-04 13:04:03,355 [myid:] - INFO  [main:Environment@100] - Server environment:java.vendor=Oracle Corporation
2015-04-04 13:04:03,356 [myid:] - INFO  [main:Environment@100] - Server environment:java.home=/usr/lib/jvm/java-1.7.0-openjdk-1.7.0.71.x86_64/jre
2015-04-04 13:04:03,356 [myid:] - INFO  [main:Environment@100] - Server environment:java.class.path=/opt/zookeeper/zookeeper-3.4.6/bin/../build/classes:/opt/zookeeper/zookeeper-3.4.6/bin/../build/lib/*.jar:/opt/zookeeper/zookeeper-3.4.6/bin/../lib/slf4j-log4j12-1.6.1.jar:/opt/zookeeper/zookeeper-3.4.6/bin/../lib/slf4j-api-1.6.1.jar:/opt/zookeeper/zookeeper-3.4.6/bin/../lib/netty-3.7.0.Final.jar:/opt/zookeeper/zookeeper-3.4.6/bin/../lib/log4j-1.2.16.jar:/opt/zookeeper/zookeeper-3.4.6/bin/../lib/jline-0.9.94.jar:/opt/zookeeper/zookeeper-3.4.6/bin/../zookeeper-3.4.6.jar:/opt/zookeeper/zookeeper-3.4.6/bin/../src/java/lib/*.jar:/opt/zookeeper/zookeeper-3.4.6/bin/../conf:
2015-04-04 13:04:03,356 [myid:] - INFO  [main:Environment@100] - Server environment:java.library.path=/usr/java/packages/lib/amd64:/usr/lib64:/lib64:/lib:/usr/lib
2015-04-04 13:04:03,356 [myid:] - INFO  [main:Environment@100] - Server environment:java.io.tmpdir=/tmp
2015-04-04 13:04:03,356 [myid:] - INFO  [main:Environment@100] - Server environment:java.compiler=<NA>
2015-04-04 13:04:03,358 [myid:] - INFO  [main:Environment@100] - Server environment:os.name=Linux
2015-04-04 13:04:03,358 [myid:] - INFO  [main:Environment@100] - Server environment:os.arch=amd64
2015-04-04 13:04:03,358 [myid:] - INFO  [main:Environment@100] - Server environment:os.version=3.14.20-20.44.amzn1.x86_64
2015-04-04 13:04:03,358 [myid:] - INFO  [main:Environment@100] - Server environment:user.name=root
2015-04-04 13:04:03,358 [myid:] - INFO  [main:Environment@100] - Server environment:user.home=/root
2015-04-04 13:04:03,359 [myid:] - INFO  [main:Environment@100] - Server environment:user.dir=/home/ec2-user/hadoop_chef
2015-04-04 13:04:03,365 [myid:] - INFO  [main:ZooKeeperServer@755] - tickTime set to 2000
2015-04-04 13:04:03,365 [myid:] - INFO  [main:ZooKeeperServer@764] - minSessionTimeout set to -1
2015-04-04 13:04:03,365 [myid:] - INFO  [main:ZooKeeperServer@773] - maxSessionTimeout set to -1
2015-04-04 13:04:03,375 [myid:] - INFO  [main:NIOServerCnxnFactory@94] - binding to port 0.0.0.0/0.0.0.0:2181
